<?xml version="1.0" encoding="UTF-8"?>
<!-- Generated by org.testng.reporters.JUnitReportReporter -->
<testsuite hostname="L76082" failures="0" tests="1" name="PankilSharma.Tests.StandAloneTest" time="7.825" errors="0" timestamp="2024-08-09T19:55:08 IST" skipped="0">
  <testcase classname="PankilSharma.Tests.StandAloneTest" name="testCaseOne" time="7.825"/>
  <system-out/>
</testsuite> <!-- PankilSharma.Tests.StandAloneTest -->
