<?xml version="1.0" encoding="UTF-8"?>
<!-- Generated by org.testng.reporters.JUnitReportReporter -->
<testsuite hostname="L76082" failures="0" tests="1" name="PankilSharma.Data.DataReader" time="0.424" errors="0" timestamp="2024-08-07T21:19:24 IST" skipped="0">
  <testcase classname="PankilSharma.Data.DataReader" name="getJsonDataToMap" time="0.424"/>
  <system-out/>
</testsuite> <!-- PankilSharma.Data.DataReader -->
