<?xml version="1.0" encoding="UTF-8"?>
<!-- Generated by org.testng.reporters.JUnitReportReporter -->
<testsuite hostname="L76082" failures="0" tests="8" name="PankilSharma.Tests.SubmitOrderTest" time="54.743" errors="0" timestamp="2024-08-11T13:27:19 IST" skipped="2">
  <testcase classname="PankilSharma.Tests.SubmitOrderTest" name="loginTest" time="4.597"/>
  <system-out/>
  <testcase classname="PankilSharma.Tests.SubmitOrderTest" name="testCaseOne" time="8.053"/>
  <system-out/>
  <testcase classname="PankilSharma.Tests.SubmitOrderTest" name="loginTest" time="2.735"/>
  <system-out/>
  <testcase classname="PankilSharma.Tests.SubmitOrderTest" name="loginTest" time="3.450"/>
  <system-out/>
  <testcase classname="PankilSharma.Tests.SubmitOrderTest" name="orderDetails" time="9.341">
    <skipped/>
  </testcase> <!-- orderDetails -->
  <system-out/>
  <testcase classname="PankilSharma.Tests.SubmitOrderTest" name="testCaseOne" time="8.121"/>
  <system-out/>
  <testcase classname="PankilSharma.Tests.SubmitOrderTest" name="orderDetails" time="10.446">
    <skipped/>
  </testcase> <!-- orderDetails -->
  <system-out/>
  <testcase classname="PankilSharma.Tests.SubmitOrderTest" name="testCaseOne" time="8.000"/>
  <system-out/>
</testsuite> <!-- PankilSharma.Tests.SubmitOrderTest -->
