<?xml version="1.0" encoding="UTF-8"?>
<!-- Generated by org.testng.reporters.JUnitReportReporter -->
<testsuite hostname="L76082" failures="0" tests="6" name="PankilSharma.Tests.SubmitOrderTest" time="43.731" errors="0" timestamp="2024-08-11T16:15:46 IST" skipped="0">
  <testcase classname="PankilSharma.Tests.SubmitOrderTest" name="loginTest" time="4.528"/>
  <testcase classname="PankilSharma.Tests.SubmitOrderTest" name="testCaseOne" time="9.309"/>
  <testcase classname="PankilSharma.Tests.SubmitOrderTest" name="testCaseOne" time="10.143"/>
  <testcase classname="PankilSharma.Tests.SubmitOrderTest" name="loginTest" time="4.936"/>
  <testcase classname="PankilSharma.Tests.SubmitOrderTest" name="loginTest" time="5.551"/>
  <testcase classname="PankilSharma.Tests.SubmitOrderTest" name="testCaseOne" time="9.264"/>
</testsuite> <!-- PankilSharma.Tests.SubmitOrderTest -->
